<?xml version="1.0" encoding="UTF-8"?>
<!-- Generated by org.testng.reporters.JUnitXMLReporter -->
<testsuite ignored="1" hostname="DESKTOP-4UJV51N" failures="1" tests="2" name="Ecommerce" time="36.546" errors="0" timestamp="2024-09-16T01:27:02 IST">
  <testcase classname="seleniumauto.Ecommercepage" name="submitorder" time="13.061"/>
  <testcase classname="seleniumauto.Ecommercepage" name="submitorder" time="5.729">
    <failure type="java.lang.NullPointerException" message="Cannot invoke &amp;quot;org.openqa.selenium.WebElement.findElement(org.openqa.selenium.By)&amp;quot; because &amp;quot;prod&amp;quot; is null">
      <![CDATA[java.lang.NullPointerException: Cannot invoke "org.openqa.selenium.WebElement.findElement(org.openqa.selenium.By)" because "prod" is null
at seleniumauto.pageobjects.Productpage.addProducttocart(Productpage.java:54)
at seleniumauto.Ecommercepage.submitorder(Ecommercepage.java:40)
at java.base/java.util.ArrayList.forEach(ArrayList.java:1596)
... Removed 25 stack frames]]>
    </failure>
  </testcase> <!-- submitorder -->
  <testcase classname="seleniumauto.Ecommercepage" name="OrderHistorytest" time="0.0">
    <ignored/>
  </testcase> <!-- OrderHistorytest -->
</testsuite> <!-- Ecommerce -->
