<?xml version="1.0" encoding="UTF-8"?>
<!-- Generated by org.testng.reporters.JUnitXMLReporter -->
<testsuite ignored="1" hostname="DESKTOP-4UJV51N" failures="0" tests="2" name="Ecommerce" time="66.384" errors="0" timestamp="2024-09-16T16:54:54 IST">
  <testcase classname="seleniumauto.Ecommercepage" name="submitorder" time="9.484"/>
  <testcase classname="seleniumauto.Ecommercepage" name="submitorder" time="13.881"/>
  <testcase classname="seleniumauto.Ecommercepage" name="OrderHistorytest" time="0.0">
    <ignored/>
  </testcase> <!-- OrderHistorytest -->
</testsuite> <!-- Ecommerce -->
