<?xml version="1.0" encoding="UTF-8"?>
<testng-results ignored="0" total="2" passed="2" failed="0" skipped="0">
  <reporter-output>
  </reporter-output>
  <suite started-at="2024-09-16T16:53:44 IST" name="Suite" finished-at="2024-09-16T16:54:51 IST" duration-ms="66384">
    <groups>
      <group name="smoke">
        <method signature="Ecommercepage.submitorder(java.util.HashMap)[pri:0, instance:seleniumauto.Ecommercepage@1807e3f6]" name="submitorder" class="seleniumauto.Ecommercepage"/>
      </group> <!-- smoke -->
    </groups>
    <test started-at="2024-09-16T16:53:44 IST" name="Ecommerce" finished-at="2024-09-16T16:54:51 IST" duration-ms="66384">
      <class name="seleniumauto.Ecommercepage">
        <test-method is-config="true" signature="launchapplication()[pri:0, instance:seleniumauto.Ecommercepage@1807e3f6]" started-at="2024-09-16T16:53:46 IST" name="launchapplication" finished-at="2024-09-16T16:54:08 IST" duration-ms="21911" status="PASS">
          <reporter-output>
          </reporter-output>
        </test-method> <!-- launchapplication -->
        <test-method signature="submitorder(java.util.HashMap)[pri:0, instance:seleniumauto.Ecommercepage@1807e3f6]" started-at="2024-09-16T16:54:08 IST" name="submitorder" data-provider="getData" finished-at="2024-09-16T16:54:17 IST" duration-ms="9484" status="PASS">
          <params>
            <param index="0">
              <value>
                <![CDATA[{password=Thewizard0004@, product=ZARA COAT 3, email=Thewizard000@gmail.com}]]>
              </value>
            </param>
          </params>
          <reporter-output>
          </reporter-output>
        </test-method> <!-- submitorder -->
        <test-method is-config="true" signature="tearDown()[pri:0, instance:seleniumauto.Ecommercepage@1807e3f6]" started-at="2024-09-16T16:54:17 IST" name="tearDown" finished-at="2024-09-16T16:54:19 IST" duration-ms="1699" status="PASS">
          <reporter-output>
          </reporter-output>
        </test-method> <!-- tearDown -->
        <test-method is-config="true" signature="launchapplication()[pri:0, instance:seleniumauto.Ecommercepage@1807e3f6]" started-at="2024-09-16T16:54:19 IST" name="launchapplication" finished-at="2024-09-16T16:54:35 IST" duration-ms="16233" status="PASS">
          <reporter-output>
          </reporter-output>
        </test-method> <!-- launchapplication -->
        <test-method signature="submitorder(java.util.HashMap)[pri:0, instance:seleniumauto.Ecommercepage@1807e3f6]" started-at="2024-09-16T16:54:35 IST" name="submitorder" data-provider="getData" finished-at="2024-09-16T16:54:49 IST" duration-ms="13881" status="PASS">
          <params>
            <param index="0">
              <value>
                <![CDATA[{password=Wizard0004@, product=IPHONE 13 PRO, email=Wizard000@gmail.com}]]>
              </value>
            </param>
          </params>
          <reporter-output>
          </reporter-output>
        </test-method> <!-- submitorder -->
        <test-method is-config="true" signature="tearDown()[pri:0, instance:seleniumauto.Ecommercepage@1807e3f6]" started-at="2024-09-16T16:54:49 IST" name="tearDown" finished-at="2024-09-16T16:54:51 IST" duration-ms="1394" status="PASS">
          <reporter-output>
          </reporter-output>
        </test-method> <!-- tearDown -->
      </class> <!-- seleniumauto.Ecommercepage -->
    </test> <!-- Ecommerce -->
  </suite> <!-- Suite -->
</testng-results>
