<?xml version="1.0" encoding="UTF-8"?>
<testng-results ignored="0" total="1" passed="1" failed="0" skipped="0">
  <reporter-output>
  </reporter-output>
  <suite started-at="2024-09-16T20:39:13 IST" name="Default suite" finished-at="2024-09-16T20:39:37 IST" duration-ms="23697">
    <groups>
      <group name="cucumber">
        <method signature="AbstractTestNGCucumberTests.runScenario(io.cucumber.testng.PickleWrapper,io.cucumber.testng.FeatureWrapper)[pri:0, instance:cucumber.TestNGTestRunner@76a4ebf2]" name="runScenario" class="io.cucumber.testng.AbstractTestNGCucumberTests"/>
      </group> <!-- cucumber -->
    </groups>
    <test started-at="2024-09-16T20:39:13 IST" name="Default test" finished-at="2024-09-16T20:39:37 IST" duration-ms="23697">
      <class name="cucumber.TestNGTestRunner">
        <test-method is-config="true" signature="setUpClass(org.testng.ITestContext)[pri:0, instance:cucumber.TestNGTestRunner@76a4ebf2]" started-at="2024-09-16T20:39:13 IST" name="setUpClass" finished-at="2024-09-16T20:39:15 IST" duration-ms="1838" status="PASS">
          <params>
            <param index="0">
              <value>
                <![CDATA[org.testng.TestRunner@1f3b992]]>
              </value>
            </param>
          </params>
          <reporter-output>
          </reporter-output>
        </test-method> <!-- setUpClass -->
        <test-method signature="runScenario(io.cucumber.testng.PickleWrapper,io.cucumber.testng.FeatureWrapper)[pri:0, instance:cucumber.TestNGTestRunner@76a4ebf2]" started-at="2024-09-16T20:39:15 IST" name="runScenario" description="Runs Cucumber Scenarios" data-provider="scenarios" finished-at="2024-09-16T20:39:37 IST" duration-ms="21609" status="PASS">
          <params>
            <param index="0">
              <value>
                <![CDATA["Positive Test of the Order"]]>
              </value>
            </param>
            <param index="1">
              <value>
                <![CDATA["Purchase the order from EcommerceSite"]]>
              </value>
            </param>
          </params>
          <reporter-output>
          </reporter-output>
        </test-method> <!-- runScenario -->
        <test-method is-config="true" signature="tearDownClass()[pri:0, instance:cucumber.TestNGTestRunner@76a4ebf2]" started-at="2024-09-16T20:39:37 IST" name="tearDownClass" finished-at="2024-09-16T20:39:37 IST" duration-ms="136" status="PASS">
          <reporter-output>
          </reporter-output>
        </test-method> <!-- tearDownClass -->
      </class> <!-- cucumber.TestNGTestRunner -->
    </test> <!-- Default test -->
  </suite> <!-- Default suite -->
</testng-results>
